# JRE version: OpenJDK Runtime Environment JBR-17.0.14+1-1367.22-nomod (17.0.14+1) (build 17.0.14+1-b1367.22)
# Java VM: OpenJDK 64-Bit Server VM JBR-17.0.14+1-1367.22-nomod (17.0.14+1-b1367.22, mixed mode, sharing, tiered, compressed oops, compressed class ptrs, g1 gc, windows-amd64)
GC Precious Log:
 CPUs: 8 total, 8 available
 Memory: 16064M
 Large Page Support: Disabled
 NUMA Support: Disabled
 Compressed Oops: Enabled (Zero based)
 Heap Region Size: 2M
 Heap Min Capacity: 8M
 Heap Initial Capacity: 252M
 Heap Max Capacity: 4018M
 Pre-touch: Disabled
 Parallel Workers: 8
 Concurrent Workers: 2
 Concurrent Refinement Workers: 8
 Periodic GC: Disabled
Heap:
 garbage-first heap   total 258048K, used 107430K [0x0000000704e00000, 0x0000000800000000)
  region size 2048K, 4 young (8192K), 4 survivors (8192K)
 Metaspace       used 31305K, committed 31680K, reserved 1114112K
  class space    used 3409K, committed 3584K, reserved 1048576K
GC Heap History (20 events):
Event: 3.360 GC heap after
{Heap after GC invocations=7 (full 0):
 garbage-first heap   total 90112K, used 30371K [0x0000000704e00000, 0x0000000800000000)
  region size 2048K, 4 young (8192K), 4 survivors (8192K)
 Metaspace       used 26124K, committed 26432K, reserved 1114112K
  class space    used 2978K, committed 3136K, reserved 1048576K
}
Event: 3.373 GC heap before
{Heap before GC invocations=7 (full 0):
 garbage-first heap   total 90112K, used 32419K [0x0000000704e00000, 0x0000000800000000)
  region size 2048K, 5 young (10240K), 4 survivors (8192K)
 Metaspace       used 26126K, committed 26432K, reserved 1114112K
  class space    used 2978K, committed 3136K, reserved 1048576K
}
Event: 3.378 GC heap after
{Heap after GC invocations=8 (full 0):
 garbage-first heap   total 90112K, used 32080K [0x0000000704e00000, 0x0000000800000000)
  region size 2048K, 1 young (2048K), 1 survivors (2048K)
 Metaspace       used 26126K, committed 26432K, reserved 1114112K
  class space    used 2978K, committed 3136K, reserved 1048576K
}
Event: 3.539 GC heap before
{Heap before GC invocations=8 (full 0):
 garbage-first heap   total 90112K, used 60752K [0x0000000704e00000, 0x0000000800000000)
  region size 2048K, 15 young (30720K), 1 survivors (2048K)
 Metaspace       used 26290K, committed 26560K, reserved 1114112K
  class space    used 2995K, committed 3136K, reserved 1048576K
}
Event: 3.547 GC heap after
{Heap after GC invocations=9 (full 0):
 garbage-first heap   total 174080K, used 39209K [0x0000000704e00000, 0x0000000800000000)
  region size 2048K, 2 young (4096K), 2 survivors (4096K)
 Metaspace       used 26290K, committed 26560K, reserved 1114112K
  class space    used 2995K, committed 3136K, reserved 1048576K
}
Event: 3.997 GC heap before
{Heap before GC invocations=9 (full 0):
 garbage-first heap   total 174080K, used 114985K [0x0000000704e00000, 0x0000000800000000)
  region size 2048K, 39 young (79872K), 2 survivors (4096K)
 Metaspace       used 26745K, committed 27072K, reserved 1114112K
  class space    used 3035K, committed 3200K, reserved 1048576K
}
Event: 4.009 GC heap after
{Heap after GC invocations=10 (full 0):
 garbage-first heap   total 174080K, used 57570K [0x0000000704e00000, 0x0000000800000000)
  region size 2048K, 5 young (10240K), 5 survivors (10240K)
 Metaspace       used 26745K, committed 27072K, reserved 1114112K
  class space    used 3035K, committed 3200K, reserved 1048576K
}
Event: 4.348 GC heap before
{Heap before GC invocations=10 (full 0):
 garbage-first heap   total 174080K, used 121058K [0x0000000704e00000, 0x0000000800000000)
  region size 2048K, 35 young (71680K), 5 survivors (10240K)
 Metaspace       used 27547K, committed 27840K, reserved 1114112K
  class space    used 3105K, committed 3264K, reserved 1048576K
}
Event: 4.360 GC heap after
{Heap after GC invocations=11 (full 0):
 garbage-first heap   total 174080K, used 69764K [0x0000000704e00000, 0x0000000800000000)
  region size 2048K, 5 young (10240K), 5 survivors (10240K)
 Metaspace       used 27547K, committed 27840K, reserved 1114112K
  class space    used 3105K, committed 3264K, reserved 1048576K
}
Event: 4.853 GC heap before
{Heap before GC invocations=11 (full 0):
 garbage-first heap   total 174080K, used 123012K [0x0000000704e00000, 0x0000000800000000)
  region size 2048K, 31 young (63488K), 5 survivors (10240K)
 Metaspace       used 27713K, committed 28032K, reserved 1114112K
  class space    used 3107K, committed 3264K, reserved 1048576K
}
Event: 4.867 GC heap after
{Heap after GC invocations=12 (full 0):
 garbage-first heap   total 174080K, used 84837K [0x0000000704e00000, 0x0000000800000000)
  region size 2048K, 4 young (8192K), 4 survivors (8192K)
 Metaspace       used 27713K, committed 28032K, reserved 1114112K
  class space    used 3107K, committed 3264K, reserved 1048576K
}
Event: 4.882 GC heap before
{Heap before GC invocations=12 (full 0):
 garbage-first heap   total 174080K, used 86885K [0x0000000704e00000, 0x0000000800000000)
  region size 2048K, 7 young (14336K), 4 survivors (8192K)
 Metaspace       used 27725K, committed 28032K, reserved 1114112K
  class space    used 3107K, committed 3264K, reserved 1048576K
}
Event: 4.890 GC heap after
{Heap after GC invocations=13 (full 0):
 garbage-first heap   total 229376K, used 89528K [0x0000000704e00000, 0x0000000800000000)
  region size 2048K, 2 young (4096K), 2 survivors (4096K)
 Metaspace       used 27725K, committed 28032K, reserved 1114112K
  class space    used 3107K, committed 3264K, reserved 1048576K
}
Event: 5.490 GC heap before
{Heap before GC invocations=13 (full 0):
 garbage-first heap   total 229376K, used 155064K [0x0000000704e00000, 0x0000000800000000)
  region size 2048K, 32 young (65536K), 2 survivors (4096K)
 Metaspace       used 30045K, committed 30336K, reserved 1114112K
  class space    used 3371K, committed 3520K, reserved 1048576K
}
Event: 5.499 GC heap after
{Heap after GC invocations=14 (full 0):
 garbage-first heap   total 229376K, used 99056K [0x0000000704e00000, 0x0000000800000000)
  region size 2048K, 4 young (8192K), 4 survivors (8192K)
 Metaspace       used 30045K, committed 30336K, reserved 1114112K
  class space    used 3371K, committed 3520K, reserved 1048576K
}
Event: 6.067 GC heap before
{Heap before GC invocations=14 (full 0):
 garbage-first heap   total 229376K, used 158448K [0x0000000704e00000, 0x0000000800000000)
  region size 2048K, 33 young (67584K), 4 survivors (8192K)
 Metaspace       used 30896K, committed 31168K, reserved 1114112K
  class space    used 3398K, committed 3520K, reserved 1048576K
}
Event: 6.075 GC heap after
{Heap after GC invocations=15 (full 0):
 garbage-first heap   total 229376K, used 102676K [0x0000000704e00000, 0x0000000800000000)
  region size 2048K, 2 young (4096K), 2 survivors (4096K)
 Metaspace       used 30896K, committed 31168K, reserved 1114112K
  class space    used 3398K, committed 3520K, reserved 1048576K
}
Event: 6.493 GC heap before
{Heap before GC invocations=15 (full 0):
 garbage-first heap   total 229376K, used 164116K [0x0000000704e00000, 0x0000000800000000)
  region size 2048K, 32 young (65536K), 2 survivors (4096K)
 Metaspace       used 31134K, committed 31488K, reserved 1114112K
  class space    used 3404K, committed 3584K, reserved 1048576K
}
Event: 6.498 GC heap after
{Heap after GC invocations=16 (full 0):
 garbage-first heap   total 229376K, used 104586K [0x0000000704e00000, 0x0000000800000000)
  region size 2048K, 3 young (6144K), 3 survivors (6144K)
 Metaspace       used 31134K, committed 31488K, reserved 1114112K
  class space    used 3404K, committed 3584K, reserved 1048576K
}
Event: 6.845 GC heap before
{Heap before GC invocations=16 (full 0):
 garbage-first heap   total 229376K, used 170122K [0x0000000704e00000, 0x0000000800000000)
  region size 2048K, 35 young (71680K), 3 survivors (6144K)
 Metaspace       used 31305K, committed 31680K, reserved 1114112K
  class space    used 3409K, committed 3584K, reserved 1048576K
}

